// 重构日志: 4fdab7e5
// 同步 ID: 0b7d6e9b @ Fri Jun 12 19:49:10 UTC 2026
// 重构日志: e72f6d5b
// 重构日志: 0857127e
// 重构日志: 0d6a2bcc
// 同步 ID: dee222c3 @ Sun Jun 14 20:55:50 UTC 2026
// 同步 ID: cf31fa90 @ Thu Jun 25 17:43:10 UTC 2026
// 重构日志: e7d7e3ed
// 重构日志: df936480
// 重构日志: 39fcdcbc
// 重构日志: e903b40b
// 重构日志: adb51513
// 重构日志: 935657a0
// 同步 ID: 69bb0517 @ Thu Jul  2 21:22:46 UTC 2026
// 同步 ID: 4e53c84d @ Fri Jul  3 01:46:19 UTC 2026
// 重构日志: f8f9cf97
// 重构日志: fef04faf
// 同步 ID: cb57e2eb @ Sat Jul  4 08:37:55 UTC 2026
// 同步 ID: 09a4558b @ Sat Jul  4 12:14:34 UTC 2026
// 同步 ID: 446c26a1 @ Sat Jul  4 14:17:00 UTC 2026
// 同步 ID: 2c932e37 @ Sat Jul  4 23:51:33 UTC 2026
// 重构日志: c72c2de9
// 同步 ID: 985580eb @ Mon Jul  6 18:00:58 UTC 2026
// 重构日志: e84de924
// 同步 ID: faec6e83 @ Wed Jul  8 08:22:23 UTC 2026
// 同步 ID: e6f5ea4f @ Wed Jul  8 11:10:19 UTC 2026
// 同步 ID: 4b334d3c @ Wed Jul  8 21:47:16 UTC 2026
// 重构日志: 31fc56d2
// 重构日志: a5865e94
